#
# There is insufficient memory for the Java Runtime Environment to continue.
# Native memory allocation (mmap) failed to map 65536 bytes for Failed to commit metaspace.
# Possible reasons:
#   The system is out of physical RAM or swap space
#   The process is running with CompressedOops enabled, and the Java Heap may be blocking the growth of the native heap
# Possible solutions:
#   Reduce memory load on the system
#   Increase physical memory or swap space
#   Check if swap backing store is full
#   Decrease Java heap size (-Xmx/-Xms)
#   Decrease number of Java threads
#   Decrease Java thread stack sizes (-Xss)
#   Set larger code cache with -XX:ReservedCodeCacheSize=
#   JVM is running with Unscaled Compressed Oops mode in which the Java heap is
#     placed in the first 4GB address space. The Java Heap base address is the
#     maximum limit for the native heap growth. Please use -XX:HeapBaseMinAddress
#     to set the Java Heap base and to place the Java Heap above 4GB virtual address.
# This output file may be truncated or incomplete.
#
#  Out of Memory Error (virtualSpaceNode.cpp:110), pid=40504, tid=21720
#
# JRE version: OpenJDK Runtime Environment Temurin-17.0.10+7 (17.0.10+7) (build 17.0.10+7)
# Java VM: OpenJDK 64-Bit Server VM Temurin-17.0.10+7 (17.0.10+7, mixed mode, tiered, compressed oops, compressed class ptrs, parallel gc, windows-amd64)
# No core dump will be written. Minidumps are not enabled by default on client versions of Windows
#

---------------  S U M M A R Y ------------

Command Line: --add-modules=ALL-SYSTEM --add-opens=java.base/java.util=ALL-UNNAMED --add-opens=java.base/java.lang=ALL-UNNAMED --add-opens=java.base/sun.nio.fs=ALL-UNNAMED -Declipse.application=org.eclipse.jdt.ls.core.id1 -Dosgi.bundles.defaultStartLevel=4 -Declipse.product=org.eclipse.jdt.ls.core.product -Djava.import.generatesMetadataFilesAtProjectRoot=false -DDetectVMInstallationsJob.disabled=true -Dfile.encoding=utf8 -XX:+UseParallelGC -XX:GCTimeRatio=4 -XX:AdaptiveSizePolicyWeight=90 -Dsun.zip.disableMemoryMapping=true -Xmx1G -Xms100m -Xlog:disable -javaagent:c:\Users\szcch\.vscode\extensions\redhat.java-1.29.0-win32-x64\lombok\lombok-1.18.32.jar -XX:+HeapDumpOnOutOfMemoryError -XX:HeapDumpPath=c:\Users\szcch\AppData\Roaming\Code\User\workspaceStorage\ee4d599271218aab3013dfac39b80901\redhat.java -Daether.dependencyCollector.impl=bf c:\Users\szcch\.vscode\extensions\redhat.java-1.29.0-win32-x64\server\plugins\org.eclipse.equinox.launcher_1.6.800.v20240304-1850.jar -configuration c:\Users\szcch\AppData\Roaming\Code\User\globalStorage\redhat.java\1.29.0\config_win -data c:\Users\szcch\AppData\Roaming\Code\User\workspaceStorage\ee4d599271218aab3013dfac39b80901\redhat.java\jdt_ws --stdio

Host: AMD Ryzen 5 3600 6-Core Processor              , 12 cores, 15G,  Windows 10 , 64 bit Build 19041 (10.0.19041.3570)
Time: Sun Apr 21 16:25:05 2024 China Standard Time elapsed time: 2.516979 seconds (0d 0h 0m 2s)

---------------  T H R E A D  ---------------

Current thread (0x000001f8ed92c1f0):  JavaThread "C1 CompilerThread0" daemon [_thread_in_vm, id=21720, stack(0x0000000f97f00000,0x0000000f98000000)]


Current CompileTask:
C1:   2517 2011   !   3       org.eclipse.osgi.storage.bundlefile.CloseableBundleFile$BundleEntryInputStream::close (86 bytes)

Stack: [0x0000000f97f00000,0x0000000f98000000]
Native frames: (J=compiled Java code, j=interpreted, Vv=VM code, C=native code)
V  [jvm.dll+0x67d2c9]
V  [jvm.dll+0x834afa]
V  [jvm.dll+0x8365be]
V  [jvm.dll+0x836c23]
V  [jvm.dll+0x2477ff]
V  [jvm.dll+0x8307bb]
V  [jvm.dll+0x621d16]
V  [jvm.dll+0x1c183e]
V  [jvm.dll+0x624671]
V  [jvm.dll+0x6226b6]
V  [jvm.dll+0x6339ea]
V  [jvm.dll+0x62c7ca]
V  [jvm.dll+0x1cda30]
V  [jvm.dll+0x1cdc20]
V  [jvm.dll+0x1482a1]
V  [jvm.dll+0x1480e5]
V  [jvm.dll+0x13f918]
V  [jvm.dll+0x141ed5]
V  [jvm.dll+0x1401b4]
V  [jvm.dll+0x13a0ff]
V  [jvm.dll+0x149d46]
V  [jvm.dll+0x135890]
V  [jvm.dll+0x135bf0]
V  [jvm.dll+0x135eb6]
V  [jvm.dll+0x13534a]
V  [jvm.dll+0x137001]
V  [jvm.dll+0x2290de]
V  [jvm.dll+0x2272ac]
V  [jvm.dll+0x7e9bb7]
V  [jvm.dll+0x7e3fba]
V  [jvm.dll+0x67c1b5]
C  [ucrtbase.dll+0x21bb2]
C  [KERNEL32.DLL+0x17344]
C  [ntdll.dll+0x526b1]


---------------  P R O C E S S  ---------------

Threads class SMR info:
_java_thread_list=0x000001f8f4ac3980, length=18, elements={
0x000001f8d9a8f570, 0x000001f8ed922a40, 0x000001f8ed923a00, 0x000001f8f2c453a0,
0x000001f8f2c46130, 0x000001f8f2c46fb0, 0x000001f8f2c48b80, 0x000001f8f2c4b880,
0x000001f8ed92c1f0, 0x000001f8f2cc3760, 0x000001f8d9af3730, 0x000001f8f2f46230,
0x000001f8f2face50, 0x000001f8f4a9b860, 0x000001f8f49ea360, 0x000001f8f4ad5fd0,
0x000001f8f4ad6780, 0x000001f8f501a3f0
}

Java Threads: ( => current thread )
  0x000001f8d9a8f570 JavaThread "main" [_thread_blocked, id=38264, stack(0x0000000f97500000,0x0000000f97600000)]
  0x000001f8ed922a40 JavaThread "Reference Handler" daemon [_thread_blocked, id=13272, stack(0x0000000f97800000,0x0000000f97900000)]
  0x000001f8ed923a00 JavaThread "Finalizer" daemon [_thread_blocked, id=40920, stack(0x0000000f97900000,0x0000000f97a00000)]
  0x000001f8f2c453a0 JavaThread "Signal Dispatcher" daemon [_thread_blocked, id=41524, stack(0x0000000f97a00000,0x0000000f97b00000)]
  0x000001f8f2c46130 JavaThread "Attach Listener" daemon [_thread_blocked, id=36660, stack(0x0000000f97b00000,0x0000000f97c00000)]
  0x000001f8f2c46fb0 JavaThread "Service Thread" daemon [_thread_blocked, id=43824, stack(0x0000000f97c00000,0x0000000f97d00000)]
  0x000001f8f2c48b80 JavaThread "Monitor Deflation Thread" daemon [_thread_blocked, id=21724, stack(0x0000000f97d00000,0x0000000f97e00000)]
  0x000001f8f2c4b880 JavaThread "C2 CompilerThread0" daemon [_thread_blocked, id=35072, stack(0x0000000f97e00000,0x0000000f97f00000)]
=>0x000001f8ed92c1f0 JavaThread "C1 CompilerThread0" daemon [_thread_in_vm, id=21720, stack(0x0000000f97f00000,0x0000000f98000000)]
  0x000001f8f2cc3760 JavaThread "Sweeper thread" daemon [_thread_blocked, id=32616, stack(0x0000000f98000000,0x0000000f98100000)]
  0x000001f8d9af3730 JavaThread "Common-Cleaner" daemon [_thread_blocked, id=31020, stack(0x0000000f98100000,0x0000000f98200000)]
  0x000001f8f2f46230 JavaThread "Notification Thread" daemon [_thread_blocked, id=23252, stack(0x0000000f98200000,0x0000000f98300000)]
  0x000001f8f2face50 JavaThread "C2 CompilerThread1" daemon [_thread_in_native, id=7740, stack(0x0000000f98400000,0x0000000f98500000)]
  0x000001f8f4a9b860 JavaThread "Active Thread: Equinox Container: 9d4c613f-6244-42a4-81c9-51a3b34b7825" [_thread_blocked, id=40828, stack(0x0000000f98b00000,0x0000000f98c00000)]
  0x000001f8f49ea360 JavaThread "C2 CompilerThread2" daemon [_thread_blocked, id=9304, stack(0x0000000f98c00000,0x0000000f98d00000)]
  0x000001f8f4ad5fd0 JavaThread "Framework Event Dispatcher: Equinox Container: 9d4c613f-6244-42a4-81c9-51a3b34b7825" daemon [_thread_blocked, id=37852, stack(0x0000000f98d00000,0x0000000f98e00000)]
  0x000001f8f4ad6780 JavaThread "Start Level: Equinox Container: 9d4c613f-6244-42a4-81c9-51a3b34b7825" daemon [_thread_in_native, id=30356, stack(0x0000000f98e00000,0x0000000f98f00000)]
  0x000001f8f501a3f0 JavaThread "Bundle File Closer" daemon [_thread_blocked, id=4188, stack(0x0000000f99000000,0x0000000f99100000)]

Other Threads:
  0x000001f8d9b4ec20 VMThread "VM Thread" [stack: 0x0000000f97700000,0x0000000f97800000] [id=23868]
  0x000001f8f41ba4b0 WatcherThread [stack: 0x0000000f98300000,0x0000000f98400000] [id=14068]
  0x000001f8d9a9fa30 GCTaskThread "GC Thread#0" [stack: 0x0000000f97600000,0x0000000f97700000] [id=42824]
  0x000001f8f47ebfd0 GCTaskThread "GC Thread#1" [stack: 0x0000000f98500000,0x0000000f98600000] [id=29272]
  0x000001f8f47ec290 GCTaskThread "GC Thread#2" [stack: 0x0000000f98600000,0x0000000f98700000] [id=14832]
  0x000001f8f448ae30 GCTaskThread "GC Thread#3" [stack: 0x0000000f98700000,0x0000000f98800000] [id=19452]
  0x000001f8f448b0f0 GCTaskThread "GC Thread#4" [stack: 0x0000000f98800000,0x0000000f98900000] [id=13440]
  0x000001f8f448b3b0 GCTaskThread "GC Thread#5" [stack: 0x0000000f98900000,0x0000000f98a00000] [id=28160]
  0x000001f8f448b670 GCTaskThread "GC Thread#6" [stack: 0x0000000f98a00000,0x0000000f98b00000] [id=26280]
  0x000001f8f4c35130 GCTaskThread "GC Thread#7" [stack: 0x0000000f98f00000,0x0000000f99000000] [id=31988]

Threads with active compile tasks:
C1 CompilerThread0     2564 2011   !   3       org.eclipse.osgi.storage.bundlefile.CloseableBundleFile$BundleEntryInputStream::close (86 bytes)
C2 CompilerThread1     2564 2018   !   4       java.util.jar.Attributes::read (498 bytes)

VM state: not at safepoint (normal execution)

VM Mutex/Monitor currently owned by a thread:  ([mutex/lock_event])
[0x000001f8d9a890d0] Metaspace_lock - owner thread: 0x000001f8ed92c1f0
[0x000001f8d9a8a5f0] MethodData_lock - owner thread: 0x000001f8ed92c1f0

Heap address: 0x00000000c0000000, size: 1024 MB, Compressed Oops mode: 32-bit

CDS archive(s) not mapped
Compressed class space mapped at: 0x0000000100000000-0x0000000140000000, reserved size: 1073741824
Narrow klass base: 0x0000000000000000, Narrow klass shift: 3, Narrow klass range: 0x140000000

GC Precious Log:
 CPUs: 12 total, 12 available
 Memory: 16296M
 Large Page Support: Disabled
 NUMA Support: Disabled
 Compressed Oops: Enabled (32-bit)
 Alignments: Space 512K, Generation 512K, Heap 2M
 Heap Min Capacity: 100M
 Heap Initial Capacity: 100M
 Heap Max Capacity: 1G
 Pre-touch: Disabled
 Parallel Workers: 10

Heap:
 PSYoungGen      total 29696K, used 26345K [0x00000000eab00000, 0x00000000ecc00000, 0x0000000100000000)
  eden space 25600K, 87% used [0x00000000eab00000,0x00000000ec0c0030,0x00000000ec400000)
  from space 4096K, 99% used [0x00000000ec800000,0x00000000ecbfa630,0x00000000ecc00000)
  to   space 4096K, 0% used [0x00000000ec400000,0x00000000ec400000,0x00000000ec800000)
 ParOldGen       total 68608K, used 1532K [0x00000000c0000000, 0x00000000c4300000, 0x00000000eab00000)
  object space 68608K, 2% used [0x00000000c0000000,0x00000000c017f390,0x00000000c4300000)
 Metaspace       used 15660K, committed 15872K, reserved 1114112K
  class space    used 1562K, committed 1664K, reserved 1048576K

Card table byte_map: [0x000001f8d9430000,0x000001f8d9640000] _byte_map_base: 0x000001f8d8e30000

Marking Bits: (ParMarkBitMap*) 0x00007ffca7a6d7d0
 Begin Bits: [0x000001f8eb730000, 0x000001f8ec730000)
 End Bits:   [0x000001f8ec730000, 0x000001f8ed730000)

Polling page: 0x000001f8d7720000

Metaspace:

Usage:
  Non-class:     13.77 MB used.
      Class:      1.53 MB used.
       Both:     15.29 MB used.

Virtual space:
  Non-class space:       64.00 MB reserved,      13.88 MB ( 22%) committed,  1 nodes.
      Class space:        1.00 GB reserved,       1.62 MB ( <1%) committed,  1 nodes.
             Both:        1.06 GB reserved,      15.50 MB (  1%) committed. 

Chunk freelists:
   Non-Class:  1.98 MB
       Class:  14.38 MB
        Both:  16.36 MB

MaxMetaspaceSize: unlimited
CompressedClassSpaceSize: 1.00 GB
Initial GC threshold: 21.00 MB
Current GC threshold: 21.00 MB
CDS: off
MetaspaceReclaimPolicy: balanced
 - commit_granule_bytes: 65536.
 - commit_granule_words: 8192.
 - virtual_space_node_default_size: 8388608.
 - enlarge_chunks_in_place: 1.
 - new_chunks_are_fully_committed: 0.
 - uncommit_free_chunks: 1.
 - use_allocation_guard: 0.
 - handle_deallocations: 1.


Internal statistics:

num_allocs_failed_limit: 0.
num_arena_births: 98.
num_arena_deaths: 0.
num_vsnodes_births: 2.
num_vsnodes_deaths: 0.
num_space_committed: 248.
num_space_uncommitted: 0.
num_chunks_returned_to_freelist: 0.
num_chunks_taken_from_freelist: 311.
num_chunk_merges: 0.
num_chunk_splits: 200.
num_chunks_enlarged: 143.
num_inconsistent_stats: 0.

CodeHeap 'non-profiled nmethods': size=120000Kb used=944Kb max_used=944Kb free=119055Kb
 bounds [0x000001f8e4200000, 0x000001f8e4470000, 0x000001f8eb730000]
CodeHeap 'profiled nmethods': size=120000Kb used=3774Kb max_used=3774Kb free=116225Kb
 bounds [0x000001f8dc730000, 0x000001f8dcae0000, 0x000001f8e3c60000]
CodeHeap 'non-nmethods': size=5760Kb used=1165Kb max_used=1203Kb free=4594Kb
 bounds [0x000001f8e3c60000, 0x000001f8e3ed0000, 0x000001f8e4200000]
 total_blobs=2475 nmethods=2015 adapters=374
 compilation: enabled
              stopped_count=0, restarted_count=0
 full_count=0

Compilation events (20 events):
Event: 2.497 Thread 0x000001f8f2face50 2004       4       java.util.jar.Attributes::<init> (17 bytes)
Event: 2.498 Thread 0x000001f8f2c4b880 2005       4       java.util.jar.Manifest::parseName (84 bytes)
Event: 2.499 Thread 0x000001f8f2face50 nmethod 2004 0x000001f8e42e3a10 code [0x000001f8e42e3ba0, 0x000001f8e42e3d18]
Event: 2.502 Thread 0x000001f8f2c4b880 nmethod 2005 0x000001f8e42e3e90 code [0x000001f8e42e4040, 0x000001f8e42e42c8]
Event: 2.502 Thread 0x000001f8f2face50 2006       4       java.util.AbstractCollection::<init> (5 bytes)
Event: 2.502 Thread 0x000001f8f2face50 nmethod 2006 0x000001f8e42e4590 code [0x000001f8e42e4700, 0x000001f8e42e4778]
Event: 2.506 Thread 0x000001f8ed92c1f0 nmethod 2003 0x000001f8dcacb210 code [0x000001f8dcacc0e0, 0x000001f8dcad5948]
Event: 2.506 Thread 0x000001f8ed92c1f0 2009       3       java.lang.String::valueOf (39 bytes)
Event: 2.507 Thread 0x000001f8ed92c1f0 nmethod 2009 0x000001f8dcad9690 code [0x000001f8dcad9880, 0x000001f8dcad9ef8]
Event: 2.507 Thread 0x000001f8ed92c1f0 2007       3       java.util.stream.AbstractPipeline::evaluate (94 bytes)
Event: 2.507 Thread 0x000001f8ed92c1f0 nmethod 2007 0x000001f8dcada110 code [0x000001f8dcada340, 0x000001f8dcada9c8]
Event: 2.507 Thread 0x000001f8ed92c1f0 2010       3       java.util.Locale::toString (274 bytes)
Event: 2.509 Thread 0x000001f8ed92c1f0 nmethod 2010 0x000001f8dcadac10 code [0x000001f8dcadaf80, 0x000001f8dcadc4b8]
Event: 2.509 Thread 0x000001f8ed92c1f0 2008       3       java.util.stream.AbstractPipeline::wrapAndCopyInto (18 bytes)
Event: 2.509 Thread 0x000001f8ed92c1f0 nmethod 2008 0x000001f8dcadcc90 code [0x000001f8dcadce60, 0x000001f8dcadd248]
Event: 2.509 Thread 0x000001f8ed92c1f0 2012       3       org.eclipse.osgi.storage.Storage::findEntries (124 bytes)
Event: 2.511 Thread 0x000001f8ed92c1f0 nmethod 2012 0x000001f8dcadd390 code [0x000001f8dcadd720, 0x000001f8dcadf148]
Event: 2.511 Thread 0x000001f8ed92c1f0 2013       3       org.eclipse.osgi.storage.ManifestLocalization::findResource (219 bytes)
Event: 2.513 Thread 0x000001f8ed92c1f0 nmethod 2013 0x000001f8e42e4890 code [0x000001f8e42e4c80, 0x000001f8e42e6928]
Event: 2.513 Thread 0x000001f8ed92c1f0 2011   !   3       org.eclipse.osgi.storage.bundlefile.CloseableBundleFile$BundleEntryInputStream::close (86 bytes)

GC Heap History (4 events):
Event: 1.253 GC heap before
{Heap before GC invocations=1 (full 0):
 PSYoungGen      total 29696K, used 25600K [0x00000000eab00000, 0x00000000ecc00000, 0x0000000100000000)
  eden space 25600K, 100% used [0x00000000eab00000,0x00000000ec400000,0x00000000ec400000)
  from space 4096K, 0% used [0x00000000ec800000,0x00000000ec800000,0x00000000ecc00000)
  to   space 4096K, 0% used [0x00000000ec400000,0x00000000ec400000,0x00000000ec800000)
 ParOldGen       total 68608K, used 0K [0x00000000c0000000, 0x00000000c4300000, 0x00000000eab00000)
  object space 68608K, 0% used [0x00000000c0000000,0x00000000c0000000,0x00000000c4300000)
 Metaspace       used 10981K, committed 11200K, reserved 1114112K
  class space    used 1091K, committed 1216K, reserved 1048576K
}
Event: 1.263 GC heap after
{Heap after GC invocations=1 (full 0):
 PSYoungGen      total 29696K, used 3188K [0x00000000eab00000, 0x00000000ecc00000, 0x0000000100000000)
  eden space 25600K, 0% used [0x00000000eab00000,0x00000000eab00000,0x00000000ec400000)
  from space 4096K, 77% used [0x00000000ec400000,0x00000000ec71d278,0x00000000ec800000)
  to   space 4096K, 0% used [0x00000000ec800000,0x00000000ec800000,0x00000000ecc00000)
 ParOldGen       total 68608K, used 8K [0x00000000c0000000, 0x00000000c4300000, 0x00000000eab00000)
  object space 68608K, 0% used [0x00000000c0000000,0x00000000c0002000,0x00000000c4300000)
 Metaspace       used 10981K, committed 11200K, reserved 1114112K
  class space    used 1091K, committed 1216K, reserved 1048576K
}
Event: 2.000 GC heap before
{Heap before GC invocations=2 (full 0):
 PSYoungGen      total 29696K, used 28788K [0x00000000eab00000, 0x00000000ecc00000, 0x0000000100000000)
  eden space 25600K, 100% used [0x00000000eab00000,0x00000000ec400000,0x00000000ec400000)
  from space 4096K, 77% used [0x00000000ec400000,0x00000000ec71d278,0x00000000ec800000)
  to   space 4096K, 0% used [0x00000000ec800000,0x00000000ec800000,0x00000000ecc00000)
 ParOldGen       total 68608K, used 8K [0x00000000c0000000, 0x00000000c4300000, 0x00000000eab00000)
  object space 68608K, 0% used [0x00000000c0000000,0x00000000c0002000,0x00000000c4300000)
 Metaspace       used 14662K, committed 14848K, reserved 1114112K
  class space    used 1462K, committed 1600K, reserved 1048576K
}
Event: 2.008 GC heap after
{Heap after GC invocations=2 (full 0):
 PSYoungGen      total 29696K, used 4073K [0x00000000eab00000, 0x00000000ecc00000, 0x0000000100000000)
  eden space 25600K, 0% used [0x00000000eab00000,0x00000000eab00000,0x00000000ec400000)
  from space 4096K, 99% used [0x00000000ec800000,0x00000000ecbfa630,0x00000000ecc00000)
  to   space 4096K, 0% used [0x00000000ec400000,0x00000000ec400000,0x00000000ec800000)
 ParOldGen       total 68608K, used 1532K [0x00000000c0000000, 0x00000000c4300000, 0x00000000eab00000)
  object space 68608K, 2% used [0x00000000c0000000,0x00000000c017f390,0x00000000c4300000)
 Metaspace       used 14662K, committed 14848K, reserved 1114112K
  class space    used 1462K, committed 1600K, reserved 1048576K
}

Dll operation events (9 events):
Event: 0.014 Loaded shared library c:\Users\szcch\.vscode\extensions\redhat.java-1.29.0-win32-x64\jre\17.0.10-win32-x86_64\bin\java.dll
Event: 0.275 Loaded shared library c:\Users\szcch\.vscode\extensions\redhat.java-1.29.0-win32-x64\jre\17.0.10-win32-x86_64\bin\zip.dll
Event: 0.280 Loaded shared library C:\Users\szcch\.vscode\extensions\redhat.java-1.29.0-win32-x64\jre\17.0.10-win32-x86_64\bin\instrument.dll
Event: 0.303 Loaded shared library C:\Users\szcch\.vscode\extensions\redhat.java-1.29.0-win32-x64\jre\17.0.10-win32-x86_64\bin\net.dll
Event: 0.307 Loaded shared library C:\Users\szcch\.vscode\extensions\redhat.java-1.29.0-win32-x64\jre\17.0.10-win32-x86_64\bin\nio.dll
Event: 0.323 Loaded shared library C:\Users\szcch\.vscode\extensions\redhat.java-1.29.0-win32-x64\jre\17.0.10-win32-x86_64\bin\zip.dll
Event: 0.347 Loaded shared library C:\Users\szcch\.vscode\extensions\redhat.java-1.29.0-win32-x64\jre\17.0.10-win32-x86_64\bin\jimage.dll
Event: 0.472 Loaded shared library c:\Users\szcch\.vscode\extensions\redhat.java-1.29.0-win32-x64\jre\17.0.10-win32-x86_64\bin\verify.dll
Event: 1.896 Loaded shared library C:\Users\szcch\AppData\Roaming\Code\User\globalStorage\redhat.java\1.29.0\config_win\org.eclipse.equinox.launcher\org.eclipse.equinox.launcher.win32.win32.x86_64_1.2.900.v20240213-1244\eclipse_11900.dll

Deoptimization events (20 events):
Event: 2.317 Thread 0x000001f8f4ad6780 Uncommon trap: trap_request=0xffffff45 fr.pc=0x000001f8e42065dc relative=0x000000000000005c
Event: 2.317 Thread 0x000001f8f4ad6780 Uncommon trap: reason=unstable_if action=reinterpret pc=0x000001f8e42065dc method=java.lang.String.isLatin1()Z @ 10 c2
Event: 2.317 Thread 0x000001f8f4ad6780 DEOPT PACKING pc=0x000001f8e42065dc sp=0x0000000f98efdd10
Event: 2.317 Thread 0x000001f8f4ad6780 DEOPT UNPACKING pc=0x000001f8e3cb66a3 sp=0x0000000f98efdca0 mode 2
Event: 2.343 Thread 0x000001f8f4ad6780 Uncommon trap: trap_request=0xffffff45 fr.pc=0x000001f8e421b878 relative=0x00000000000000f8
Event: 2.343 Thread 0x000001f8f4ad6780 Uncommon trap: reason=unstable_if action=reinterpret pc=0x000001f8e421b878 method=java.lang.StringCoding.hasNegatives([BII)Z @ 12 c2
Event: 2.343 Thread 0x000001f8f4ad6780 DEOPT PACKING pc=0x000001f8e421b878 sp=0x0000000f98efd260
Event: 2.343 Thread 0x000001f8f4ad6780 DEOPT UNPACKING pc=0x000001f8e3cb66a3 sp=0x0000000f98efd1f0 mode 2
Event: 2.376 Thread 0x000001f8f4ad6780 DEOPT PACKING pc=0x000001f8dcab6056 sp=0x0000000f98efd260
Event: 2.377 Thread 0x000001f8f4ad6780 DEOPT UNPACKING pc=0x000001f8e3cb6e43 sp=0x0000000f98efc6e8 mode 0
Event: 2.434 Thread 0x000001f8f4ad6780 DEOPT PACKING pc=0x000001f8dcab6056 sp=0x0000000f98efd260
Event: 2.434 Thread 0x000001f8f4ad6780 DEOPT UNPACKING pc=0x000001f8e3cb6e43 sp=0x0000000f98efc6e8 mode 0
Event: 2.449 Thread 0x000001f8f4ad6780 DEOPT PACKING pc=0x000001f8dcab6056 sp=0x0000000f98efd260
Event: 2.449 Thread 0x000001f8f4ad6780 DEOPT UNPACKING pc=0x000001f8e3cb6e43 sp=0x0000000f98efc6e8 mode 0
Event: 2.484 Thread 0x000001f8f4ad6780 Uncommon trap: trap_request=0xffffff45 fr.pc=0x000001f8e4261b04 relative=0x0000000000000164
Event: 2.484 Thread 0x000001f8f4ad6780 Uncommon trap: reason=unstable_if action=reinterpret pc=0x000001f8e4261b04 method=java.lang.String.startsWith(Ljava/lang/String;I)Z @ 50 c2
Event: 2.484 Thread 0x000001f8f4ad6780 DEOPT PACKING pc=0x000001f8e4261b04 sp=0x0000000f98efe1b0
Event: 2.484 Thread 0x000001f8f4ad6780 DEOPT UNPACKING pc=0x000001f8e3cb66a3 sp=0x0000000f98efe0b8 mode 2
Event: 2.489 Thread 0x000001f8f4ad6780 DEOPT PACKING pc=0x000001f8dc8912cf sp=0x0000000f98efdd50
Event: 2.489 Thread 0x000001f8f4ad6780 DEOPT UNPACKING pc=0x000001f8e3cb6e43 sp=0x0000000f98efd238 mode 0

Classes unloaded (0 events):
No events

Classes redefined (0 events):
No events

Internal exceptions (20 events):
Event: 1.114 Thread 0x000001f8d9a8f570 Exception <a 'java/lang/ClassNotFoundException'{0x00000000ec0be158}: sun/net/www/protocol/c/Handler> (0x00000000ec0be158) 
thrown [s\src\hotspot\share\classfile\systemDictionary.cpp, line 256]
Event: 1.114 Thread 0x000001f8d9a8f570 Exception <a 'java/lang/ClassNotFoundException'{0x00000000ec0bf320}: sun/net/www/protocol/c/Handler> (0x00000000ec0bf320) 
thrown [s\src\hotspot\share\classfile\systemDictionary.cpp, line 256]
Event: 1.126 Thread 0x000001f8d9a8f570 Exception <a 'java/io/FileNotFoundException'{0x00000000ec0e6428}> (0x00000000ec0e6428) 
thrown [s\src\hotspot\share\prims\jni.cpp, line 516]
Event: 1.165 Thread 0x000001f8d9a8f570 Implicit null exception at 0x000001f8e424525b to 0x000001f8e4245b7c
Event: 1.165 Thread 0x000001f8d9a8f570 Implicit null exception at 0x000001f8e42502ec to 0x000001f8e42504cc
Event: 1.165 Thread 0x000001f8d9a8f570 Implicit null exception at 0x000001f8e424850e to 0x000001f8e4248748
Event: 1.165 Thread 0x000001f8d9a8f570 Implicit null exception at 0x000001f8e4257c8f to 0x000001f8e4257d05
Event: 1.231 Thread 0x000001f8d9a8f570 Exception <a 'java/lang/NoSuchMethodError'{0x00000000ec3b9d90}: 'int java.lang.invoke.DirectMethodHandle$Holder.invokeStaticInit(java.lang.Object, java.lang.Object, java.lang.Object, java.lang.Object)'> (0x00000000ec3b9d90) 
thrown [s\src\hotspot\share\interpreter\linkResolver.cpp, line 759]
Event: 1.234 Thread 0x000001f8d9a8f570 Exception <a 'java/lang/NoSuchMethodError'{0x00000000ec3c4400}: 'java.lang.Object java.lang.invoke.DirectMethodHandle$Holder.invokeInterface(java.lang.Object, java.lang.Object)'> (0x00000000ec3c4400) 
thrown [s\src\hotspot\share\interpreter\linkResolver.cpp, line 759]
Event: 1.235 Thread 0x000001f8d9a8f570 Exception <a 'java/lang/IncompatibleClassChangeError'{0x00000000ec3c7bf8}: Found class java.lang.Object, but interface was expected> (0x00000000ec3c7bf8) 
thrown [s\src\hotspot\share\interpreter\linkResolver.cpp, line 826]
Event: 1.236 Thread 0x000001f8d9a8f570 Exception <a 'java/lang/NoSuchMethodError'{0x00000000ec3cc0e8}: 'void java.lang.invoke.DirectMethodHandle$Holder.invokeStatic(java.lang.Object, java.lang.Object)'> (0x00000000ec3cc0e8) 
thrown [s\src\hotspot\share\interpreter\linkResolver.cpp, line 759]
Event: 1.237 Thread 0x000001f8d9a8f570 Exception <a 'java/lang/NoSuchMethodError'{0x00000000ec3cf8e8}: 'void java.lang.invoke.DirectMethodHandle$Holder.invokeStaticInit(java.lang.Object, java.lang.Object)'> (0x00000000ec3cf8e8) 
thrown [s\src\hotspot\share\interpreter\linkResolver.cpp, line 759]
Event: 1.239 Thread 0x000001f8d9a8f570 Exception <a 'java/lang/NoSuchMethodError'{0x00000000ec3d6cf8}: 'int java.lang.invoke.DirectMethodHandle$Holder.invokeStaticInit(java.lang.Object, java.lang.Object)'> (0x00000000ec3d6cf8) 
thrown [s\src\hotspot\share\interpreter\linkResolver.cpp, line 759]
Event: 1.342 Thread 0x000001f8d9a8f570 Exception <a 'java/lang/NoSuchMethodError'{0x00000000eac62808}: 'void java.lang.invoke.DirectMethodHandle$Holder.invokeSpecial(java.lang.Object, java.lang.Object, java.lang.Object)'> (0x00000000eac62808) 
thrown [s\src\hotspot\share\interpreter\linkResolver.cpp, line 759]
Event: 1.691 Thread 0x000001f8d9a8f570 Exception <a 'java/lang/NoSuchMethodError'{0x00000000eba470c8}: 'java.lang.Object java.lang.invoke.DirectMethodHandle$Holder.newInvokeSpecial(java.lang.Object, int, java.lang.Object)'> (0x00000000eba470c8) 
thrown [s\src\hotspot\share\interpreter\linkResolver.cpp, line 759]
Event: 1.893 Thread 0x000001f8d9a8f570 Exception <a 'java/lang/UnsatisfiedLinkError'{0x00000000ec002d68}: 'void org.eclipse.equinox.launcher.JNIBridge._update_splash()'> (0x00000000ec002d68) 
thrown [s\src\hotspot\share\prims\nativeLookup.cpp, line 543]
Event: 1.970 Thread 0x000001f8f4ad6780 Exception <a 'java/lang/NoSuchMethodError'{0x00000000ec35b050}: 'java.lang.Object java.lang.invoke.DirectMethodHandle$Holder.invokeStaticInit(java.lang.Object)'> (0x00000000ec35b050) 
thrown [s\src\hotspot\share\interpreter\linkResolver.cpp, line 759]
Event: 2.013 Thread 0x000001f8f4ad6780 Exception <a 'java/lang/NoSuchMethodError'{0x00000000eab24c30}: 'java.lang.Object java.lang.invoke.DirectMethodHandle$Holder.newInvokeSpecial(java.lang.Object, java.lang.Object, int, java.lang.Object)'> (0x00000000eab24c30) 
thrown [s\src\hotspot\share\interpreter\linkResolver.cpp, line 759]
Event: 2.013 Thread 0x000001f8f4ad6780 Exception <a 'java/lang/NoSuchMethodError'{0x00000000eab28f18}: 'java.lang.Object java.lang.invoke.DirectMethodHandle$Holder.invokeSpecial(java.lang.Object, java.lang.Object, java.lang.Object, int, java.lang.Object)'> (0x00000000eab28f18) 
thrown [s\src\hotspot\share\interpreter\linkResolver.cpp, line 759]
Event: 2.071 Thread 0x000001f8f4ad6780 Exception <a 'java/lang/ClassNotFoundException'{0x00000000eae01d00}: sun/util/logging/resources/spi/loggingProvider> (0x00000000eae01d00) 
thrown [s\src\hotspot\share\classfile\systemDictionary.cpp, line 256]

VM Operations (20 events):
Event: 1.253 Executing VM operation: ParallelGCFailedAllocation
Event: 1.263 Executing VM operation: ParallelGCFailedAllocation done
Event: 1.664 Executing VM operation: HandshakeAllThreads
Event: 1.664 Executing VM operation: HandshakeAllThreads done
Event: 1.665 Executing VM operation: HandshakeAllThreads
Event: 1.665 Executing VM operation: HandshakeAllThreads done
Event: 1.671 Executing VM operation: HandshakeAllThreads
Event: 1.671 Executing VM operation: HandshakeAllThreads done
Event: 1.685 Executing VM operation: HandshakeAllThreads
Event: 1.685 Executing VM operation: HandshakeAllThreads done
Event: 1.956 Executing VM operation: HandshakeAllThreads
Event: 1.956 Executing VM operation: HandshakeAllThreads done
Event: 2.000 Executing VM operation: ParallelGCFailedAllocation
Event: 2.008 Executing VM operation: ParallelGCFailedAllocation done
Event: 2.047 Executing VM operation: HandshakeAllThreads
Event: 2.047 Executing VM operation: HandshakeAllThreads done
Event: 2.086 Executing VM operation: HandshakeAllThreads
Event: 2.086 Executing VM operation: HandshakeAllThreads done
Event: 2.105 Executing VM operation: HandshakeAllThreads
Event: 2.105 Executing VM operation: HandshakeAllThreads done

Events (20 events):
Event: 2.090 loading class sun/util/resources/Bundles$CacheKey done
Event: 2.090 loading class java/util/ResourceBundle$NoFallbackControl
Event: 2.090 loading class java/util/ResourceBundle$SingleFormatControl
Event: 2.090 loading class java/util/ResourceBundle$SingleFormatControl done
Event: 2.090 loading class java/util/ResourceBundle$NoFallbackControl done
Event: 2.090 loading class sun/text/resources/cldr/FormatData
Event: 2.090 loading class sun/text/resources/cldr/FormatData done
Event: 2.090 loading class sun/util/resources/Bundles$BundleReference
Event: 2.090 loading class sun/util/resources/Bundles$CacheKeyReference
Event: 2.091 loading class sun/util/resources/Bundles$CacheKeyReference done
Event: 2.091 loading class sun/util/resources/Bundles$BundleReference done
Event: 2.091 loading class sun/text/resources/cldr/FormatData_en
Event: 2.091 loading class sun/text/resources/cldr/FormatData_en done
Event: 2.091 loading class sun/text/resources/cldr/FormatData_en_US
Event: 2.091 loading class sun/text/resources/cldr/FormatData_en_US done
Event: 2.092 loading class java/time/LocalTime$1
Event: 2.093 loading class java/time/LocalTime$1 done
Event: 2.093 loading class java/util/Formattable
Event: 2.093 loading class java/util/Formattable done
Event: 2.320 Thread 0x000001f8f501a3f0 Thread added: 0x000001f8f501a3f0


Dynamic libraries:
0x00007ff6343f0000 - 0x00007ff6343fe000 	c:\Users\szcch\.vscode\extensions\redhat.java-1.29.0-win32-x64\jre\17.0.10-win32-x86_64\bin\java.exe
0x00007ffd297b0000 - 0x00007ffd299a7000 	C:\WINDOWS\SYSTEM32\ntdll.dll
0x00007ffd28480000 - 0x00007ffd2853d000 	C:\WINDOWS\System32\KERNEL32.DLL
0x00007ffd27280000 - 0x00007ffd27576000 	C:\WINDOWS\System32\KERNELBASE.dll
0x00007ffd27180000 - 0x00007ffd27280000 	C:\WINDOWS\System32\ucrtbase.dll
0x00007ffd228a0000 - 0x00007ffd228b7000 	c:\Users\szcch\.vscode\extensions\redhat.java-1.29.0-win32-x64\jre\17.0.10-win32-x86_64\bin\jli.dll
0x00007ffd28830000 - 0x00007ffd289ce000 	C:\WINDOWS\System32\USER32.dll
0x00007ffd26ff0000 - 0x00007ffd27012000 	C:\WINDOWS\System32\win32u.dll
0x00007ffd27ca0000 - 0x00007ffd27ccc000 	C:\WINDOWS\System32\GDI32.dll
0x00007ffd276f0000 - 0x00007ffd2780a000 	C:\WINDOWS\System32\gdi32full.dll
0x00007ffd22820000 - 0x00007ffd2283b000 	c:\Users\szcch\.vscode\extensions\redhat.java-1.29.0-win32-x64\jre\17.0.10-win32-x86_64\bin\VCRUNTIME140.dll
0x00007ffd26e90000 - 0x00007ffd26f2d000 	C:\WINDOWS\System32\msvcp_win.dll
0x00007ffd17870000 - 0x00007ffd17b0a000 	C:\WINDOWS\WinSxS\amd64_microsoft.windows.common-controls_6595b64144ccf1df_6.0.19041.3570_none_60bb2a3971f3e41a\COMCTL32.dll
0x00007ffd295a0000 - 0x00007ffd2963e000 	C:\WINDOWS\System32\msvcrt.dll
0x00007ffd289d0000 - 0x00007ffd28a00000 	C:\WINDOWS\System32\IMM32.DLL
0x00007ffd22810000 - 0x00007ffd2281c000 	c:\Users\szcch\.vscode\extensions\redhat.java-1.29.0-win32-x64\jre\17.0.10-win32-x86_64\bin\vcruntime140_1.dll
0x00007ffcf73b0000 - 0x00007ffcf743d000 	c:\Users\szcch\.vscode\extensions\redhat.java-1.29.0-win32-x64\jre\17.0.10-win32-x86_64\bin\msvcp140.dll
0x00007ffca6ed0000 - 0x00007ffca7b32000 	c:\Users\szcch\.vscode\extensions\redhat.java-1.29.0-win32-x64\jre\17.0.10-win32-x86_64\bin\server\jvm.dll
0x00007ffd285b0000 - 0x00007ffd2865e000 	C:\WINDOWS\System32\ADVAPI32.dll
0x00007ffd28790000 - 0x00007ffd2882c000 	C:\WINDOWS\System32\sechost.dll
0x00007ffd28b20000 - 0x00007ffd28c46000 	C:\WINDOWS\System32\RPCRT4.dll
0x00007ffd1ead0000 - 0x00007ffd1eaf7000 	C:\WINDOWS\SYSTEM32\WINMM.dll
0x00007ffd01f20000 - 0x00007ffd01f29000 	C:\WINDOWS\SYSTEM32\WSOCK32.dll
0x00007ffd28540000 - 0x00007ffd285ab000 	C:\WINDOWS\System32\WS2_32.dll
0x00007ffd26bd0000 - 0x00007ffd26c1b000 	C:\WINDOWS\SYSTEM32\POWRPROF.dll
0x00007ffd22030000 - 0x00007ffd2203a000 	C:\WINDOWS\SYSTEM32\VERSION.dll
0x00007ffd269f0000 - 0x00007ffd26a02000 	C:\WINDOWS\SYSTEM32\UMPDC.dll
0x00007ffd256f0000 - 0x00007ffd25702000 	C:\WINDOWS\SYSTEM32\kernel.appcore.dll
0x00007ffd1bf50000 - 0x00007ffd1bf5a000 	c:\Users\szcch\.vscode\extensions\redhat.java-1.29.0-win32-x64\jre\17.0.10-win32-x86_64\bin\jimage.dll
0x00007ffd24b90000 - 0x00007ffd24d74000 	C:\WINDOWS\SYSTEM32\DBGHELP.DLL
0x00007ffd0bbd0000 - 0x00007ffd0bc04000 	C:\WINDOWS\SYSTEM32\dbgcore.DLL
0x00007ffd27580000 - 0x00007ffd27602000 	C:\WINDOWS\System32\bcryptPrimitives.dll
0x00007ffd1b5c0000 - 0x00007ffd1b5ce000 	c:\Users\szcch\.vscode\extensions\redhat.java-1.29.0-win32-x64\jre\17.0.10-win32-x86_64\bin\instrument.dll
0x00007ffd0d950000 - 0x00007ffd0d975000 	c:\Users\szcch\.vscode\extensions\redhat.java-1.29.0-win32-x64\jre\17.0.10-win32-x86_64\bin\java.dll
0x00007ffd0d770000 - 0x00007ffd0d788000 	c:\Users\szcch\.vscode\extensions\redhat.java-1.29.0-win32-x64\jre\17.0.10-win32-x86_64\bin\zip.dll
0x00007ffd27d30000 - 0x00007ffd28474000 	C:\WINDOWS\System32\SHELL32.dll
0x00007ffd24d80000 - 0x00007ffd2551b000 	C:\WINDOWS\SYSTEM32\windows.storage.dll
0x00007ffd27890000 - 0x00007ffd27be4000 	C:\WINDOWS\System32\combase.dll
0x00007ffd26860000 - 0x00007ffd2688d000 	C:\WINDOWS\SYSTEM32\Wldp.dll
0x00007ffd28a60000 - 0x00007ffd28b0d000 	C:\WINDOWS\System32\SHCORE.dll
0x00007ffd27cd0000 - 0x00007ffd27d25000 	C:\WINDOWS\System32\shlwapi.dll
0x00007ffd26dc0000 - 0x00007ffd26de5000 	C:\WINDOWS\SYSTEM32\profapi.dll
0x00007ffd05790000 - 0x00007ffd057a9000 	C:\Users\szcch\.vscode\extensions\redhat.java-1.29.0-win32-x64\jre\17.0.10-win32-x86_64\bin\net.dll
0x00007ffd20900000 - 0x00007ffd20a0a000 	C:\WINDOWS\SYSTEM32\WINHTTP.dll
0x00007ffd265c0000 - 0x00007ffd2662a000 	C:\WINDOWS\system32\mswsock.dll
0x00007ffd055a0000 - 0x00007ffd055b6000 	C:\Users\szcch\.vscode\extensions\redhat.java-1.29.0-win32-x64\jre\17.0.10-win32-x86_64\bin\nio.dll
0x00007ffd173e0000 - 0x00007ffd173f0000 	c:\Users\szcch\.vscode\extensions\redhat.java-1.29.0-win32-x64\jre\17.0.10-win32-x86_64\bin\verify.dll
0x00007ffd04250000 - 0x00007ffd0428e000 	C:\Users\szcch\AppData\Roaming\Code\User\globalStorage\redhat.java\1.29.0\config_win\org.eclipse.equinox.launcher\org.eclipse.equinox.launcher.win32.win32.x86_64_1.2.900.v20240213-1244\eclipse_11900.dll
0x00007ffd29640000 - 0x00007ffd2976b000 	C:\WINDOWS\System32\ole32.dll

dbghelp: loaded successfully - version: 4.0.5 - missing functions: none
symbol engine: initialized successfully - sym options: 0x614 - pdb path: .;c:\Users\szcch\.vscode\extensions\redhat.java-1.29.0-win32-x64\jre\17.0.10-win32-x86_64\bin;C:\WINDOWS\SYSTEM32;C:\WINDOWS\WinSxS\amd64_microsoft.windows.common-controls_6595b64144ccf1df_6.0.19041.3570_none_60bb2a3971f3e41a;c:\Users\szcch\.vscode\extensions\redhat.java-1.29.0-win32-x64\jre\17.0.10-win32-x86_64\bin\server;C:\Users\szcch\AppData\Roaming\Code\User\globalStorage\redhat.java\1.29.0\config_win\org.eclipse.equinox.launcher\org.eclipse.equinox.launcher.win32.win32.x86_64_1.2.900.v20240213-1244

VM Arguments:
jvm_args: --add-modules=ALL-SYSTEM --add-opens=java.base/java.util=ALL-UNNAMED --add-opens=java.base/java.lang=ALL-UNNAMED --add-opens=java.base/sun.nio.fs=ALL-UNNAMED -Declipse.application=org.eclipse.jdt.ls.core.id1 -Dosgi.bundles.defaultStartLevel=4 -Declipse.product=org.eclipse.jdt.ls.core.product -Djava.import.generatesMetadataFilesAtProjectRoot=false -DDetectVMInstallationsJob.disabled=true -Dfile.encoding=utf8 -XX:+UseParallelGC -XX:GCTimeRatio=4 -XX:AdaptiveSizePolicyWeight=90 -Dsun.zip.disableMemoryMapping=true -Xmx1G -Xms100m -Xlog:disable -javaagent:c:\Users\szcch\.vscode\extensions\redhat.java-1.29.0-win32-x64\lombok\lombok-1.18.32.jar -XX:+HeapDumpOnOutOfMemoryError -XX:HeapDumpPath=c:\Users\szcch\AppData\Roaming\Code\User\workspaceStorage\ee4d599271218aab3013dfac39b80901\redhat.java -Daether.dependencyCollector.impl=bf 
java_command: c:\Users\szcch\.vscode\extensions\redhat.java-1.29.0-win32-x64\server\plugins\org.eclipse.equinox.launcher_1.6.800.v20240304-1850.jar -configuration c:\Users\szcch\AppData\Roaming\Code\User\globalStorage\redhat.java\1.29.0\config_win -data c:\Users\szcch\AppData\Roaming\Code\User\workspaceStorage\ee4d599271218aab3013dfac39b80901\redhat.java\jdt_ws --stdio
java_class_path (initial): c:\Users\szcch\.vscode\extensions\redhat.java-1.29.0-win32-x64\server\plugins\org.eclipse.equinox.launcher_1.6.800.v20240304-1850.jar
Launcher Type: SUN_STANDARD

[Global flags]
    uintx AdaptiveSizePolicyWeight                 = 90                                        {product} {command line}
     intx CICompilerCount                          = 4                                         {product} {ergonomic}
    uintx GCTimeRatio                              = 4                                         {product} {command line}
     bool HeapDumpOnOutOfMemoryError               = true                                   {manageable} {command line}
    ccstr HeapDumpPath                             = c:\Users\szcch\AppData\Roaming\Code\User\workspaceStorage\ee4d599271218aab3013dfac39b80901\redhat.java         {manageable} {command line}
   size_t InitialHeapSize                          = 104857600                                 {product} {command line}
   size_t MaxHeapSize                              = 1073741824                                {product} {command line}
   size_t MaxNewSize                               = 357564416                                 {product} {ergonomic}
   size_t MinHeapDeltaBytes                        = 524288                                    {product} {ergonomic}
   size_t MinHeapSize                              = 104857600                                 {product} {command line}
   size_t NewSize                                  = 34603008                                  {product} {ergonomic}
    uintx NonNMethodCodeHeapSize                   = 5839372                                {pd product} {ergonomic}
    uintx NonProfiledCodeHeapSize                  = 122909434                              {pd product} {ergonomic}
   size_t OldSize                                  = 70254592                                  {product} {ergonomic}
    uintx ProfiledCodeHeapSize                     = 122909434                              {pd product} {ergonomic}
    uintx ReservedCodeCacheSize                    = 251658240                              {pd product} {ergonomic}
     bool SegmentedCodeCache                       = true                                      {product} {ergonomic}
   size_t SoftMaxHeapSize                          = 1073741824                             {manageable} {ergonomic}
     bool UseCompressedClassPointers               = true                           {product lp64_product} {ergonomic}
     bool UseCompressedOops                        = true                           {product lp64_product} {ergonomic}
     bool UseLargePagesIndividualAllocation        = false                                  {pd product} {ergonomic}
     bool UseParallelGC                            = true                                      {product} {command line}

Logging:
Log output configuration:
 #0: stdout all=off uptime,level,tags
 #1: stderr all=off uptime,level,tags

Environment Variables:
PATH=C:\Program Files\NVIDIA GPU Computing Toolkit\CUDA\v11.3\bin;C:\Program Files\NVIDIA GPU Computing Toolkit\CUDA\v11.3\libnvvp;C:\Program Files\NVIDIA GPU Computing Toolkit\CUDA\v12.1\bin;C:\Program Files\NVIDIA GPU Computing Toolkit\CUDA\v12.1\libnvvp;C:\Program Files (x86)\VMware\VMware Player\bin\;C:\Program Files\Common Files\Oracle\Java\javapath;C:\Users\szcch\AppData\Local\Programs\Python\Python310\Scripts\;C:\Users\szcch\AppData\Local\Programs\Python\Python310\;C:\Program Files\Microsoft\jdk-11.0.12.7-hotspot\bin;G:\program\Scripts\;G:\program\;C:\Program Files (x86)\Common Files\Oracle\Java\javapath;C:\ProgramData\Oracle\Java\javapath;C:\WINDOWS\system32;C:\WINDOWS;C:\WINDOWS\System32\Wbem;C:\WINDOWS\System32\WindowsPowerShell\v1.0\;D:\WorldPainter;C:\Users\szcch\AppData\Local\Microsoft\WindowsApps;C:\WINDOWS\System32\OpenSSH\;C:\WINDOWS\system32;C:\WINDOWS;C:\WINDOWS\System32\Wbem;C:\WINDOWS\System32\WindowsPowerShell\v1.0\;C:\WINDOWS\System32\OpenSSH\;C:\Program Files\Microsoft SQL Server\150\Tools\Binn\;C:\Program Files (x86)\NVIDIA Corporation\PhysX\Common;C:\Program Files\NVIDIA Corporation\NVIDIA NvDLISR;C:\Program Files\dotnet\;C:\Program Files\Microsoft SQL Server\Client SDK\ODBC\170\Tools\Binn\;C:\ProgramData\chocolatey\bin;C:\Program Files\NVIDIA Corporation\Nsight Compute 2023.1.0\;C:\Program Files\Git\cmd;C:\Program Files (x86)\Windows Kits\10\Windows Performance Toolkit\;C:\Program Files (x86)\Windows Kits\10\Microsoft Application Virtualization\Sequencer\;C:\Program Files\nodejs\;C:\Program Files\MySQL\MySQL Shell 8.0\bin\;C:\Users\szcch\AppData\Local\Programs\Python\Python38\Scripts\;C:\Users\szcch\AppData\Local\Programs\Python\Python38\;C:\Users\szcch\AppData\Local\Programs\Python\Python310\Scripts\;C:\Users\szcch\AppData\Local\Programs\Python\Python310\;C:\Users\szcch\AppData\Local\Microsoft\WindowsApps;C:\Users\szcch\.dotnet\tools;C:\Users\szcch\AppData\Local\Programs\Microsoft VS Code\bin;C:\Users\szcch\Apps\kubo_v0.16.0\kubo;G:\Program\X
USERNAME=Ison Ho
OS=Windows_NT
PROCESSOR_IDENTIFIER=AMD64 Family 23 Model 113 Stepping 0, AuthenticAMD
TMP=C:\Users\szcch\AppData\Local\Temp
TEMP=C:\Users\szcch\AppData\Local\Temp



Periodic native trim disabled


---------------  S Y S T E M  ---------------

OS:
 Windows 10 , 64 bit Build 19041 (10.0.19041.3570)
OS uptime: 2 days 2:42 hours

CPU: total 12 (initial active 12) (12 cores per cpu, 2 threads per core) family 23 model 113 stepping 0 microcode 0x0, cx8, cmov, fxsr, ht, mmx, 3dnowpref, sse, sse2, sse3, ssse3, sse4a, sse4.1, sse4.2, popcnt, lzcnt, tsc, tscinvbit, avx, avx2, aes, clmul, bmi1, bmi2, adx, sha, fma, vzeroupper, clflush, clflushopt
Processor Information for all 12 processors :
  Max Mhz: 3600, Current Mhz: 2509, Mhz Limit: 3600

Memory: 4k page, system-wide physical 16296M (2835M free)
TotalPageFile size 24488M (AvailPageFile size 5M)
current process WorkingSet (physical memory assigned to process): 102M, peak: 102M
current process commit charge ("private bytes"): 223M, peak: 223M

vm_info: OpenJDK 64-Bit Server VM (17.0.10+7) for windows-amd64 JRE (17.0.10+7), built on Jan 16 2024 23:25:11 by "admin" with MS VC++ 16.10 / 16.11 (VS2019)

END.
